ganache v7.9.2 (@ganache/cli: 0.10.2, @ganache/core: 0.10.2)
Starting RPC server

Available Accounts
==================
(0) 0xdA2AFBcb48dD732e76c27dF31fCc76d292CD7a76 (1000 ETH)
(1) 0x7C0EAD20bF5b0E2edf0C9c248E6a3f32b74206b4 (1000 ETH)
(2) 0xe451017b1d1C2ecd4a587809c858FfA59c5864cA (1000 ETH)
(3) 0x57CDD48C8899e2f90a0c36756E8e63B6CFFD9eb0 (1000 ETH)
(4) 0xC1Fb15904973f91a52021a6a2D4471ac1F192F4d (1000 ETH)
(5) 0xDe4108870cb478FC35C0F0e651efD6F7173e6bBd (1000 ETH)
(6) 0x406e21c4fF0b1785846c3f8A0509c2399331F5CB (1000 ETH)
(7) 0x368f789c01689eB2A7be148395b75fF9C5D0B75E (1000 ETH)
(8) 0xFF6F160216616B96290D7803fbB33ABecd2534F9 (1000 ETH)
(9) 0x4E8aefE59a7Dc21a84503dC92d4c14B6ceee4FdE (1000 ETH)

Private Keys
==================
(0) 0xbfbb796cbb88e880aca2ccb6300cb7c44604e3ed02d0d82e952d8d4d77738df4
(1) 0xad840656e65266ee4d76099f0d32c02e897fd544be730d80e7739c92a18ded1a
(2) 0xec0e666f8fb3814ce800b4fa3903064d25e6fa08a2a117eaaee40b8ee087688e
(3) 0x77e1c69f1389cc425965e9b6540dd6dc32b9a0193b4db13afbbc23eb2015c05f
(4) 0x3d9b2a7dd3eef06f78505a4e922019da91fc773e87e307c6dd2ce0fa9f7ca44d
(5) 0x0a5d615a7cd5fd25310bf0c752e11e03ee287116216e5ac3c7d0ca3ee29e0640
(6) 0x9229ac17ce751d9fc4f92cdddb3f1b3710701ad00ac1215c600053f7b321d8ac
(7) 0x69edd2fe524ce7102fe20b3d0221df9598229dc1f3daa95ecc60e57187ac1971
(8) 0x61f7b10adecd187d409e0f774c5c7aab3f6b05e61abd0959c7c3aa1e25f333fb
(9) 0xeafc4a826e0928c9a5e4466d1b07240befff5b1c57d620f25295d25205a6099d

HD Wallet
==================
Mnemonic:      mimic two betray reveal wave ranch economy crouch coconut average siren catch
Base HD Path:  m/44'/60'/0'/0/{account_index}

Default Gas Price
==================
2000000000

BlockGas Limit
==================
30000000

Call Gas Limit
==================
50000000

Chain
==================
Hardfork: shanghai
Id:       1337

RPC Listening on 127.0.0.1:8545
eth_blockNumber
net_version
eth_accounts
eth_getBlockByNumber
eth_accounts
net_version
eth_getBlockByNumber
eth_getBlockByNumber
net_version
eth_getBlockByNumber
eth_estimateGas
net_version
eth_blockNumber
eth_getBlockByNumber
eth_estimateGas
eth_getBlockByNumber
eth_gasPrice
eth_sendTransaction

  Transaction: 0xf38d3646a3330ea32aa4e5accac9191739d1db3168425155ba1d6889aa80fc05
  Contract created: 0xc82c265cb87f4e5911d973961547ad3074c46dcf
  Gas usage: 326842
  Block number: 1
  Block time: Tue May 06 2025 12:38:13 GMT+0300 (Eastern European Summer Time)

eth_getTransactionReceipt
eth_getCode
eth_getTransactionByHash
eth_getBlockByNumber
eth_getBalance
eth_getBlockByNumber
eth_getBlockByNumber
eth_estimateGas
eth_getBlockByNumber
eth_gasPrice
eth_sendTransaction

  Transaction: 0xc05973552d25d705c242aaf953474a177f6c5dd74cd4514da6f488ad568a4361
  Gas usage: 45929
  Block number: 2
  Block time: Tue May 06 2025 12:38:13 GMT+0300 (Eastern European Summer Time)

eth_getTransactionReceipt
eth_getBlockByNumber
eth_accounts
net_version
eth_getBlockByNumber
eth_getBlockByNumber
net_version
eth_getBlockByNumber
eth_estimateGas
net_version
eth_blockNumber
eth_getBlockByNumber
eth_estimateGas
eth_getBlockByNumber
eth_gasPrice
eth_sendTransaction

  Transaction: 0x55271c4a264962fdcda17a4cc54ae36d9d6f2c58f9fdec5ebd9806b57376798a
  Contract created: 0x477d4d092469607385d7e2cecabfc564301ca904
  Gas usage: 1003352
  Block number: 3
  Block time: Tue May 06 2025 12:38:14 GMT+0300 (Eastern European Summer Time)

eth_getTransactionReceipt
eth_getCode
eth_getTransactionByHash
eth_getBlockByNumber
eth_getBalance
eth_getBlockByNumber
eth_getBlockByNumber
eth_estimateGas
eth_getBlockByNumber
eth_gasPrice
eth_sendTransaction

  Transaction: 0x214a17639051d0671795aa601ea61ff6c0971a2fea3b6d1fa68ac77fbf18ec63
  Gas usage: 28829
  Block number: 4
  Block time: Tue May 06 2025 12:38:14 GMT+0300 (Eastern European Summer Time)

eth_getTransactionReceipt

Received shutdown signal: SIGINT
Shutting down…
Server has been shut down
fCc76d292CD7a76
   > balance:             999.995563877202891145
   > gas used:            1003352 (0xf4f58)
   > gas price:           3.172301144 gwei
   > value sent:          0 ETH
   > total cost:          0.003182934697434688 ETH

- Saving migration to chain.
   > Saving migration to chain.
   > Saving artifacts
   -------------------------------------
   > Total cost:     0.003182934697434688 ETH

Summary
=======
> Total deployments:   2
> Final cost:          0.004286026447434688 ETH


